<?xml version="1.0" encoding="UTF-8"?>
<!-- Generated by org.testng.reporters.JUnitReportReporter -->
<testsuite hostname="DELLXPS" failures="0" tests="1" name="assignments.Amazon" time="11.744" errors="0" timestamp="2023-05-19T11:00:51 IST" skipped="0">
  <testcase classname="assignments.Amazon" name="m4" time="11.744"/>
  <system-out/>
</testsuite> <!-- assignments.Amazon -->
