<?xml version="1.0" encoding="UTF-8"?>
<!-- Generated by org.testng.reporters.JUnitReportReporter -->
<testsuite hostname="DELLXPS" failures="0" tests="1" name="text.Flip" time="2.837" errors="0" timestamp="2023-05-20T12:00:37 IST" skipped="0">
  <testcase classname="text.Flip" name="m5" time="2.837"/>
  <system-out/>
</testsuite> <!-- text.Flip -->
