<?xml version="1.0" encoding="UTF-8"?>
<!-- Generated by org.testng.reporters.JUnitReportReporter -->
<testsuite hostname="DELLXPS" failures="0" tests="1" name="text.Browser" time="10.275" errors="0" timestamp="2023-05-19T11:24:29 IST" skipped="0">
  <testcase classname="text.Browser" name="m3" time="10.275"/>
  <system-out/>
</testsuite> <!-- text.Browser -->
