<?xml version="1.0" encoding="UTF-8"?>
<!-- Generated by org.testng.reporters.JUnitReportReporter -->
<testsuite hostname="DELLXPS" failures="0" tests="1" name="allocate.Travel" time="5.332" errors="0" timestamp="2023-05-20T12:00:37 IST" skipped="0">
  <testcase classname="allocate.Travel" name="site" time="5.332"/>
  <system-out/>
</testsuite> <!-- allocate.Travel -->
