<?xml version="1.0" encoding="UTF-8"?>
<!-- Generated by org.testng.reporters.JUnitReportReporter -->
<testsuite hostname="DELLXPS" failures="0" tests="1" name="text.Facebook" time="5.595" errors="0" timestamp="2023-05-19T11:24:29 IST" skipped="0">
  <testcase classname="text.Facebook" name="m2" time="5.595"/>
  <system-out/>
</testsuite> <!-- text.Facebook -->
